{"C:\\Users\\dessa\\Andressa-GitHub\\Olympic-games\\src\\business\\CompetitionBusiness.ts": {"path":"C:\\Users\\dessa\\Andressa-GitHub\\Olympic-games\\src\\business\\CompetitionBusiness.ts","statementMap":{"0":{"start":{"line":2,"column":0},"end":{"line":2,"column":113}},"1":{"start":{"line":3,"column":0},"end":{"line":3,"column":92}},"2":{"start":{"line":8,"column":16},"end":{"line":8,"column":56}},"3":{"start":{"line":9,"column":16},"end":{"line":9,"column":40}},"4":{"start":{"line":12,"column":11},"end":{"line":41,"column":null}},"5":{"start":{"line":13,"column":41},"end":{"line":13,"column":46}},"6":{"start":{"line":15,"column":8},"end":{"line":17,"column":null}},"7":{"start":{"line":16,"column":12},"end":{"line":16,"column":null}},"8":{"start":{"line":19,"column":30},"end":{"line":19,"column":88}},"9":{"start":{"line":21,"column":8},"end":{"line":23,"column":null}},"10":{"start":{"line":22,"column":12},"end":{"line":22,"column":null}},"11":{"start":{"line":25,"column":19},"end":{"line":25,"column":46}},"12":{"start":{"line":27,"column":28},"end":{"line":31,"column":null}},"13":{"start":{"line":34,"column":8},"end":{"line":34,"column":null}},"14":{"start":{"line":36,"column":25},"end":{"line":38,"column":null}},"15":{"start":{"line":40,"column":8},"end":{"line":40,"column":null}},"16":{"start":{"line":43,"column":11},"end":{"line":63,"column":null}},"17":{"start":{"line":44,"column":34},"end":{"line":44,"column":39}},"18":{"start":{"line":46,"column":30},"end":{"line":46,"column":84}},"19":{"start":{"line":48,"column":8},"end":{"line":50,"column":null}},"20":{"start":{"line":49,"column":12},"end":{"line":49,"column":null}},"21":{"start":{"line":52,"column":8},"end":{"line":54,"column":null}},"22":{"start":{"line":53,"column":12},"end":{"line":53,"column":null}},"23":{"start":{"line":56,"column":8},"end":{"line":56,"column":null}},"24":{"start":{"line":58,"column":25},"end":{"line":60,"column":null}},"25":{"start":{"line":62,"column":8},"end":{"line":62,"column":null}},"26":{"start":{"line":66,"column":0},"end":{"line":66,"column":null}}},"fnMap":{"0":{"name":"(anonymous_0)","decl":{"start":{"line":7,"column":4},"end":{"line":7,"column":null}},"loc":{"start":{"line":9,"column":40},"end":{"line":10,"column":8}}},"1":{"name":"(anonymous_1)","decl":{"start":{"line":12,"column":28},"end":{"line":12,"column":33}},"loc":{"start":{"line":12,"column":61},"end":{"line":41,"column":5}}},"2":{"name":"(anonymous_2)","decl":{"start":{"line":43,"column":26},"end":{"line":43,"column":31}},"loc":{"start":{"line":43,"column":65},"end":{"line":63,"column":5}}}},"branchMap":{"0":{"loc":{"start":{"line":15,"column":8},"end":{"line":17,"column":null}},"type":"if","locations":[{"start":{"line":15,"column":8},"end":{"line":17,"column":null}}]},"1":{"loc":{"start":{"line":15,"column":11},"end":{"line":15,"column":38}},"type":"binary-expr","locations":[{"start":{"line":15,"column":11},"end":{"line":15,"column":16}},{"start":{"line":15,"column":20},"end":{"line":15,"column":29}},{"start":{"line":15,"column":33},"end":{"line":15,"column":38}}]},"2":{"loc":{"start":{"line":21,"column":8},"end":{"line":23,"column":null}},"type":"if","locations":[{"start":{"line":21,"column":8},"end":{"line":23,"column":null}}]},"3":{"loc":{"start":{"line":21,"column":12},"end":{"line":21,"column":64}},"type":"binary-expr","locations":[{"start":{"line":21,"column":12},"end":{"line":21,"column":25}},{"start":{"line":21,"column":29},"end":{"line":21,"column":64}}]},"4":{"loc":{"start":{"line":48,"column":8},"end":{"line":50,"column":null}},"type":"if","locations":[{"start":{"line":48,"column":8},"end":{"line":50,"column":null}}]},"5":{"loc":{"start":{"line":52,"column":8},"end":{"line":54,"column":null}},"type":"if","locations":[{"start":{"line":52,"column":8},"end":{"line":54,"column":null}}]}},"s":{"0":1,"1":1,"2":1,"3":1,"4":1,"5":3,"6":3,"7":1,"8":2,"9":2,"10":1,"11":1,"12":1,"13":1,"14":1,"15":1,"16":1,"17":3,"18":3,"19":3,"20":1,"21":2,"22":1,"23":1,"24":1,"25":1,"26":1},"f":{"0":1,"1":3,"2":3},"b":{"0":[1],"1":[3,2,2],"2":[1],"3":[2,1],"4":[1],"5":[1]}}
,"C:\\Users\\dessa\\Andressa-GitHub\\Olympic-games\\src\\business\\ResultBusiness.ts": {"path":"C:\\Users\\dessa\\Andressa-GitHub\\Olympic-games\\src\\business\\ResultBusiness.ts","statementMap":{"0":{"start":{"line":4,"column":0},"end":{"line":4,"column":59}},"1":{"start":{"line":5,"column":0},"end":{"line":5,"column":155}},"2":{"start":{"line":6,"column":0},"end":{"line":6,"column":136}},"3":{"start":{"line":11,"column":16},"end":{"line":11,"column":46}},"4":{"start":{"line":12,"column":16},"end":{"line":12,"column":56}},"5":{"start":{"line":13,"column":16},"end":{"line":13,"column":40}},"6":{"start":{"line":16,"column":11},"end":{"line":58,"column":null}},"7":{"start":{"line":17,"column":58},"end":{"line":17,"column":63}},"8":{"start":{"line":19,"column":8},"end":{"line":21,"column":null}},"9":{"start":{"line":20,"column":12},"end":{"line":20,"column":null}},"10":{"start":{"line":23,"column":30},"end":{"line":23,"column":95}},"11":{"start":{"line":25,"column":8},"end":{"line":27,"column":null}},"12":{"start":{"line":26,"column":12},"end":{"line":26,"column":null}},"13":{"start":{"line":29,"column":8},"end":{"line":31,"column":null}},"14":{"start":{"line":30,"column":12},"end":{"line":30,"column":null}},"15":{"start":{"line":33,"column":26},"end":{"line":33,"column":104}},"16":{"start":{"line":35,"column":8},"end":{"line":39,"column":null}},"17":{"start":{"line":36,"column":12},"end":{"line":36,"column":null}},"18":{"start":{"line":37,"column":15},"end":{"line":39,"column":null}},"19":{"start":{"line":38,"column":12},"end":{"line":38,"column":null}},"20":{"start":{"line":41,"column":19},"end":{"line":41,"column":46}},"21":{"start":{"line":43,"column":23},"end":{"line":48,"column":null}},"22":{"start":{"line":51,"column":8},"end":{"line":51,"column":null}},"23":{"start":{"line":53,"column":25},"end":{"line":55,"column":null}},"24":{"start":{"line":57,"column":8},"end":{"line":57,"column":null}},"25":{"start":{"line":60,"column":11},"end":{"line":126,"column":null}},"26":{"start":{"line":61,"column":42},"end":{"line":61,"column":47}},"27":{"start":{"line":63,"column":30},"end":{"line":63,"column":95}},"28":{"start":{"line":65,"column":8},"end":{"line":67,"column":null}},"29":{"start":{"line":66,"column":12},"end":{"line":66,"column":null}},"30":{"start":{"line":69,"column":26},"end":{"line":69,"column":85}},"31":{"start":{"line":71,"column":8},"end":{"line":73,"column":null}},"32":{"start":{"line":72,"column":12},"end":{"line":72,"column":null}},"33":{"start":{"line":75,"column":8},"end":{"line":123,"column":null}},"34":{"start":{"line":76,"column":28},"end":{"line":90,"column":14}},"35":{"start":{"line":77,"column":34},"end":{"line":82,"column":null}},"36":{"start":{"line":84,"column":61},"end":{"line":88,"column":null}},"37":{"start":{"line":89,"column":16},"end":{"line":89,"column":null}},"38":{"start":{"line":92,"column":12},"end":{"line":94,"column":null}},"39":{"start":{"line":93,"column":16},"end":{"line":93,"column":null}},"40":{"start":{"line":96,"column":52},"end":{"line":98,"column":null}},"41":{"start":{"line":100,"column":12},"end":{"line":100,"column":null}},"42":{"start":{"line":103,"column":15},"end":{"line":123,"column":null}},"43":{"start":{"line":104,"column":28},"end":{"line":112,"column":14}},"44":{"start":{"line":106,"column":40},"end":{"line":110,"column":null}},"45":{"start":{"line":111,"column":16},"end":{"line":111,"column":null}},"46":{"start":{"line":114,"column":12},"end":{"line":116,"column":null}},"47":{"start":{"line":115,"column":16},"end":{"line":115,"column":null}},"48":{"start":{"line":118,"column":52},"end":{"line":120,"column":null}},"49":{"start":{"line":122,"column":12},"end":{"line":122,"column":null}},"50":{"start":{"line":129,"column":0},"end":{"line":129,"column":null}}},"fnMap":{"0":{"name":"(anonymous_0)","decl":{"start":{"line":10,"column":4},"end":{"line":10,"column":null}},"loc":{"start":{"line":13,"column":40},"end":{"line":14,"column":8}}},"1":{"name":"(anonymous_1)","decl":{"start":{"line":16,"column":23},"end":{"line":16,"column":28}},"loc":{"start":{"line":16,"column":59},"end":{"line":58,"column":5}}},"2":{"name":"(anonymous_2)","decl":{"start":{"line":60,"column":24},"end":{"line":60,"column":29}},"loc":{"start":{"line":60,"column":61},"end":{"line":126,"column":5}}},"3":{"name":"(anonymous_3)","decl":{"start":{"line":76,"column":42},"end":{"line":76,"column":43}},"loc":{"start":{"line":76,"column":64},"end":{"line":90,"column":13}}},"4":{"name":"(anonymous_4)","decl":{"start":{"line":104,"column":42},"end":{"line":104,"column":43}},"loc":{"start":{"line":104,"column":70},"end":{"line":112,"column":13}}}},"branchMap":{"0":{"loc":{"start":{"line":19,"column":8},"end":{"line":21,"column":null}},"type":"if","locations":[{"start":{"line":19,"column":8},"end":{"line":21,"column":null}}]},"1":{"loc":{"start":{"line":19,"column":11},"end":{"line":19,"column":45}},"type":"binary-expr","locations":[{"start":{"line":19,"column":11},"end":{"line":19,"column":23}},{"start":{"line":19,"column":27},"end":{"line":19,"column":35}},{"start":{"line":19,"column":39},"end":{"line":19,"column":45}}]},"2":{"loc":{"start":{"line":25,"column":8},"end":{"line":27,"column":null}},"type":"if","locations":[{"start":{"line":25,"column":8},"end":{"line":27,"column":null}}]},"3":{"loc":{"start":{"line":29,"column":8},"end":{"line":31,"column":null}},"type":"if","locations":[{"start":{"line":29,"column":8},"end":{"line":31,"column":null}}]},"4":{"loc":{"start":{"line":35,"column":8},"end":{"line":39,"column":null}},"type":"if","locations":[{"start":{"line":35,"column":8},"end":{"line":39,"column":null}},{"start":{"line":37,"column":15},"end":{"line":39,"column":null}}]},"5":{"loc":{"start":{"line":35,"column":11},"end":{"line":35,"column":68}},"type":"binary-expr","locations":[{"start":{"line":35,"column":11},"end":{"line":35,"column":41}},{"start":{"line":35,"column":45},"end":{"line":35,"column":68}}]},"6":{"loc":{"start":{"line":37,"column":15},"end":{"line":39,"column":null}},"type":"if","locations":[{"start":{"line":37,"column":15},"end":{"line":39,"column":null}}]},"7":{"loc":{"start":{"line":37,"column":18},"end":{"line":37,"column":74}},"type":"binary-expr","locations":[{"start":{"line":37,"column":18},"end":{"line":37,"column":47}},{"start":{"line":37,"column":51},"end":{"line":37,"column":74}}]},"8":{"loc":{"start":{"line":65,"column":8},"end":{"line":67,"column":null}},"type":"if","locations":[{"start":{"line":65,"column":8},"end":{"line":67,"column":null}}]},"9":{"loc":{"start":{"line":71,"column":8},"end":{"line":73,"column":null}},"type":"if","locations":[{"start":{"line":71,"column":8},"end":{"line":73,"column":null}}]},"10":{"loc":{"start":{"line":71,"column":11},"end":{"line":71,"column":47}},"type":"binary-expr","locations":[{"start":{"line":71,"column":11},"end":{"line":71,"column":21}},{"start":{"line":71,"column":25},"end":{"line":71,"column":47}}]},"11":{"loc":{"start":{"line":75,"column":8},"end":{"line":123,"column":null}},"type":"if","locations":[{"start":{"line":75,"column":8},"end":{"line":123,"column":null}},{"start":{"line":103,"column":15},"end":{"line":123,"column":null}}]},"12":{"loc":{"start":{"line":103,"column":15},"end":{"line":123,"column":null}},"type":"if","locations":[{"start":{"line":103,"column":15},"end":{"line":123,"column":null}}]}},"s":{"0":1,"1":1,"2":1,"3":1,"4":1,"5":1,"6":1,"7":7,"8":7,"9":1,"10":6,"11":6,"12":1,"13":5,"14":1,"15":4,"16":4,"17":1,"18":3,"19":1,"20":2,"21":2,"22":2,"23":2,"24":2,"25":1,"26":4,"27":4,"28":4,"29":1,"30":3,"31":3,"32":1,"33":2,"34":1,"35":3,"36":3,"37":3,"38":1,"39":3,"40":1,"41":1,"42":1,"43":1,"44":3,"45":3,"46":1,"47":3,"48":1,"49":1,"50":1},"f":{"0":1,"1":7,"2":4,"3":3,"4":3},"b":{"0":[1],"1":[7,7,6],"2":[1],"3":[1],"4":[1,3],"5":[4,2],"6":[1],"7":[3,2],"8":[1],"9":[1],"10":[3,2],"11":[1,1],"12":[1]}}
,"C:\\Users\\dessa\\Andressa-GitHub\\Olympic-games\\src\\database\\BaseDatabase.ts": {"path":"C:\\Users\\dessa\\Andressa-GitHub\\Olympic-games\\src\\database\\BaseDatabase.ts","statementMap":{"0":{"start":{"line":1,"column":0},"end":{"line":1,"column":23}},"1":{"start":{"line":2,"column":0},"end":{"line":2,"column":27}},"2":{"start":{"line":4,"column":0},"end":{"line":4,"column":null}},"3":{"start":{"line":6,"column":0},"end":{"line":6,"column":22}},"4":{"start":{"line":7,"column":21},"end":{"line":16,"column":null}}},"fnMap":{},"branchMap":{},"s":{"0":2,"1":2,"2":2,"3":2,"4":2},"f":{},"b":{}}
,"C:\\Users\\dessa\\Andressa-GitHub\\Olympic-games\\src\\entities\\Competition.ts": {"path":"C:\\Users\\dessa\\Andressa-GitHub\\Olympic-games\\src\\entities\\Competition.ts","statementMap":{"0":{"start":{"line":1,"column":0},"end":{"line":1,"column":null}},"1":{"start":{"line":2,"column":4},"end":{"line":2,"column":null}},"2":{"start":{"line":3,"column":4},"end":{"line":3,"column":null}},"3":{"start":{"line":6,"column":0},"end":{"line":6,"column":null}},"4":{"start":{"line":7,"column":4},"end":{"line":7,"column":null}},"5":{"start":{"line":8,"column":4},"end":{"line":8,"column":null}},"6":{"start":{"line":21,"column":16},"end":{"line":21,"column":26}},"7":{"start":{"line":22,"column":16},"end":{"line":22,"column":28}},"8":{"start":{"line":23,"column":16},"end":{"line":23,"column":34}},"9":{"start":{"line":24,"column":16},"end":{"line":24,"column":28}},"10":{"start":{"line":25,"column":16},"end":{"line":25,"column":33}},"11":{"start":{"line":28,"column":11},"end":{"line":30,"column":null}},"12":{"start":{"line":29,"column":8},"end":{"line":29,"column":null}},"13":{"start":{"line":32,"column":11},"end":{"line":34,"column":null}},"14":{"start":{"line":33,"column":8},"end":{"line":33,"column":null}},"15":{"start":{"line":36,"column":11},"end":{"line":38,"column":null}},"16":{"start":{"line":37,"column":8},"end":{"line":37,"column":null}},"17":{"start":{"line":40,"column":11},"end":{"line":42,"column":null}},"18":{"start":{"line":41,"column":8},"end":{"line":41,"column":null}},"19":{"start":{"line":44,"column":11},"end":{"line":46,"column":null}},"20":{"start":{"line":45,"column":8},"end":{"line":45,"column":null}},"21":{"start":{"line":48,"column":11},"end":{"line":50,"column":null}},"22":{"start":{"line":49,"column":8},"end":{"line":49,"column":null}},"23":{"start":{"line":19,"column":0},"end":{"line":19,"column":13}}},"fnMap":{"0":{"name":"(anonymous_0)","decl":{"start":{"line":1,"column":0},"end":{"line":1,"column":12}},"loc":{"start":{"line":1,"column":20},"end":{"line":4,"column":1}}},"1":{"name":"(anonymous_1)","decl":{"start":{"line":6,"column":0},"end":{"line":6,"column":12}},"loc":{"start":{"line":6,"column":18},"end":{"line":9,"column":1}}},"2":{"name":"(anonymous_2)","decl":{"start":{"line":20,"column":4},"end":{"line":20,"column":null}},"loc":{"start":{"line":25,"column":47},"end":{"line":26,"column":8}}},"3":{"name":"(anonymous_3)","decl":{"start":{"line":28,"column":19},"end":{"line":28,"column":22}},"loc":{"start":{"line":28,"column":24},"end":{"line":30,"column":5}}},"4":{"name":"(anonymous_4)","decl":{"start":{"line":32,"column":21},"end":{"line":32,"column":24}},"loc":{"start":{"line":32,"column":26},"end":{"line":34,"column":5}}},"5":{"name":"(anonymous_5)","decl":{"start":{"line":36,"column":25},"end":{"line":36,"column":28}},"loc":{"start":{"line":36,"column":30},"end":{"line":38,"column":5}}},"6":{"name":"(anonymous_6)","decl":{"start":{"line":40,"column":21},"end":{"line":40,"column":24}},"loc":{"start":{"line":40,"column":26},"end":{"line":42,"column":5}}},"7":{"name":"(anonymous_7)","decl":{"start":{"line":44,"column":23},"end":{"line":44,"column":26}},"loc":{"start":{"line":44,"column":28},"end":{"line":46,"column":5}}},"8":{"name":"(anonymous_8)","decl":{"start":{"line":48,"column":23},"end":{"line":48,"column":24}},"loc":{"start":{"line":48,"column":45},"end":{"line":50,"column":5}}}},"branchMap":{"0":{"loc":{"start":{"line":1,"column":12},"end":{"line":1,"column":null}},"type":"binary-expr","locations":[{"start":{"line":1,"column":12},"end":{"line":1,"column":20}},{"start":{"line":1,"column":12},"end":{"line":1,"column":null}}]},"1":{"loc":{"start":{"line":6,"column":12},"end":{"line":6,"column":null}},"type":"binary-expr","locations":[{"start":{"line":6,"column":12},"end":{"line":6,"column":18}},{"start":{"line":6,"column":12},"end":{"line":6,"column":null}}]},"2":{"loc":{"start":{"line":25,"column":16},"end":{"line":25,"column":47}},"type":"default-arg","locations":[{"start":{"line":25,"column":33},"end":{"line":25,"column":47}}]}},"s":{"0":2,"1":2,"2":2,"3":2,"4":2,"5":2,"6":1,"7":1,"8":1,"9":1,"10":1,"11":1,"12":0,"13":1,"14":0,"15":1,"16":0,"17":1,"18":0,"19":1,"20":0,"21":1,"22":0,"23":2},"f":{"0":2,"1":2,"2":1,"3":0,"4":0,"5":0,"6":0,"7":0,"8":0},"b":{"0":[2,2],"1":[2,2],"2":[1]}}
,"C:\\Users\\dessa\\Andressa-GitHub\\Olympic-games\\src\\entities\\Result.ts": {"path":"C:\\Users\\dessa\\Andressa-GitHub\\Olympic-games\\src\\entities\\Result.ts","statementMap":{"0":{"start":{"line":26,"column":16},"end":{"line":26,"column":26}},"1":{"start":{"line":27,"column":16},"end":{"line":27,"column":35}},"2":{"start":{"line":28,"column":16},"end":{"line":28,"column":34}},"3":{"start":{"line":29,"column":16},"end":{"line":29,"column":31}},"4":{"start":{"line":30,"column":16},"end":{"line":30,"column":29}},"5":{"start":{"line":33,"column":11},"end":{"line":35,"column":null}},"6":{"start":{"line":34,"column":8},"end":{"line":34,"column":null}},"7":{"start":{"line":37,"column":11},"end":{"line":39,"column":null}},"8":{"start":{"line":38,"column":8},"end":{"line":38,"column":null}},"9":{"start":{"line":41,"column":11},"end":{"line":43,"column":null}},"10":{"start":{"line":42,"column":8},"end":{"line":42,"column":null}},"11":{"start":{"line":45,"column":11},"end":{"line":47,"column":null}},"12":{"start":{"line":46,"column":8},"end":{"line":46,"column":null}},"13":{"start":{"line":49,"column":11},"end":{"line":51,"column":null}},"14":{"start":{"line":50,"column":8},"end":{"line":50,"column":null}},"15":{"start":{"line":24,"column":0},"end":{"line":24,"column":13}}},"fnMap":{"0":{"name":"(anonymous_0)","decl":{"start":{"line":25,"column":4},"end":{"line":25,"column":null}},"loc":{"start":{"line":30,"column":29},"end":{"line":31,"column":8}}},"1":{"name":"(anonymous_1)","decl":{"start":{"line":33,"column":19},"end":{"line":33,"column":22}},"loc":{"start":{"line":33,"column":24},"end":{"line":35,"column":5}}},"2":{"name":"(anonymous_2)","decl":{"start":{"line":37,"column":28},"end":{"line":37,"column":31}},"loc":{"start":{"line":37,"column":33},"end":{"line":39,"column":5}}},"3":{"name":"(anonymous_3)","decl":{"start":{"line":41,"column":25},"end":{"line":41,"column":28}},"loc":{"start":{"line":41,"column":30},"end":{"line":43,"column":5}}},"4":{"name":"(anonymous_4)","decl":{"start":{"line":45,"column":24},"end":{"line":45,"column":27}},"loc":{"start":{"line":45,"column":29},"end":{"line":47,"column":5}}},"5":{"name":"(anonymous_5)","decl":{"start":{"line":49,"column":22},"end":{"line":49,"column":25}},"loc":{"start":{"line":49,"column":27},"end":{"line":51,"column":5}}}},"branchMap":{},"s":{"0":5,"1":5,"2":5,"3":5,"4":5,"5":5,"6":0,"7":5,"8":0,"9":5,"10":0,"11":5,"12":3,"13":5,"14":3,"15":1},"f":{"0":5,"1":0,"2":0,"3":0,"4":3,"5":3},"b":{}}
,"C:\\Users\\dessa\\Andressa-GitHub\\Olympic-games\\src\\errors\\BaseError.ts": {"path":"C:\\Users\\dessa\\Andressa-GitHub\\Olympic-games\\src\\errors\\BaseError.ts","statementMap":{"0":{"start":{"line":6,"column":8},"end":{"line":6,"column":null}},"1":{"start":{"line":4,"column":15},"end":{"line":4,"column":33}},"2":{"start":{"line":1,"column":0},"end":{"line":1,"column":13}},"3":{"start":{"line":12,"column":8},"end":{"line":12,"column":null}},"4":{"start":{"line":10,"column":0},"end":{"line":10,"column":13}},"5":{"start":{"line":18,"column":8},"end":{"line":18,"column":null}},"6":{"start":{"line":16,"column":0},"end":{"line":16,"column":13}},"7":{"start":{"line":24,"column":8},"end":{"line":24,"column":null}},"8":{"start":{"line":22,"column":0},"end":{"line":22,"column":13}},"9":{"start":{"line":29,"column":8},"end":{"line":29,"column":null}},"10":{"start":{"line":27,"column":0},"end":{"line":27,"column":13}},"11":{"start":{"line":35,"column":8},"end":{"line":35,"column":null}},"12":{"start":{"line":33,"column":0},"end":{"line":33,"column":13}},"13":{"start":{"line":41,"column":8},"end":{"line":41,"column":null}},"14":{"start":{"line":39,"column":0},"end":{"line":39,"column":13}},"15":{"start":{"line":47,"column":8},"end":{"line":47,"column":null}},"16":{"start":{"line":45,"column":0},"end":{"line":45,"column":13}},"17":{"start":{"line":53,"column":8},"end":{"line":53,"column":null}},"18":{"start":{"line":51,"column":0},"end":{"line":51,"column":13}}},"fnMap":{"0":{"name":"(anonymous_0)","decl":{"start":{"line":2,"column":4},"end":{"line":2,"column":null}},"loc":{"start":{"line":4,"column":33},"end":{"line":7,"column":5}}},"1":{"name":"(anonymous_1)","decl":{"start":{"line":11,"column":4},"end":{"line":11,"column":null}},"loc":{"start":{"line":11,"column":4},"end":{"line":13,"column":5}}},"2":{"name":"(anonymous_2)","decl":{"start":{"line":17,"column":4},"end":{"line":17,"column":null}},"loc":{"start":{"line":17,"column":4},"end":{"line":19,"column":5}}},"3":{"name":"(anonymous_3)","decl":{"start":{"line":23,"column":4},"end":{"line":23,"column":null}},"loc":{"start":{"line":23,"column":4},"end":{"line":25,"column":5}}},"4":{"name":"(anonymous_4)","decl":{"start":{"line":28,"column":4},"end":{"line":28,"column":null}},"loc":{"start":{"line":28,"column":4},"end":{"line":30,"column":5}}},"5":{"name":"(anonymous_5)","decl":{"start":{"line":34,"column":4},"end":{"line":34,"column":null}},"loc":{"start":{"line":34,"column":4},"end":{"line":36,"column":5}}},"6":{"name":"(anonymous_6)","decl":{"start":{"line":40,"column":4},"end":{"line":40,"column":null}},"loc":{"start":{"line":40,"column":4},"end":{"line":42,"column":5}}},"7":{"name":"(anonymous_7)","decl":{"start":{"line":46,"column":4},"end":{"line":46,"column":null}},"loc":{"start":{"line":46,"column":4},"end":{"line":48,"column":5}}},"8":{"name":"(anonymous_8)","decl":{"start":{"line":52,"column":4},"end":{"line":52,"column":null}},"loc":{"start":{"line":52,"column":4},"end":{"line":54,"column":5}}}},"branchMap":{},"s":{"0":11,"1":11,"2":2,"3":2,"4":2,"5":3,"6":2,"7":1,"8":2,"9":1,"10":2,"11":1,"12":2,"13":1,"14":2,"15":1,"16":2,"17":1,"18":2},"f":{"0":11,"1":2,"2":3,"3":1,"4":1,"5":1,"6":1,"7":1,"8":1},"b":{}}
,"C:\\Users\\dessa\\Andressa-GitHub\\Olympic-games\\tests\\mocks\\CompetitionDatabaseMock.ts": {"path":"C:\\Users\\dessa\\Andressa-GitHub\\Olympic-games\\tests\\mocks\\CompetitionDatabaseMock.ts","statementMap":{"0":{"start":{"line":1,"column":0},"end":{"line":1,"column":62}},"1":{"start":{"line":2,"column":0},"end":{"line":2,"column":94}},"2":{"start":{"line":7,"column":11},"end":{"line":7,"column":null}},"3":{"start":{"line":9,"column":11},"end":{"line":9,"column":null}},"4":{"start":{"line":11,"column":11},"end":{"line":43,"column":null}},"5":{"start":{"line":12,"column":8},"end":{"line":42,"column":null}},"6":{"start":{"line":14,"column":54},"end":{"line":20,"column":null}},"7":{"start":{"line":21,"column":16},"end":{"line":21,"column":null}},"8":{"start":{"line":23,"column":54},"end":{"line":29,"column":null}},"9":{"start":{"line":30,"column":16},"end":{"line":30,"column":null}},"10":{"start":{"line":32,"column":54},"end":{"line":38,"column":null}},"11":{"start":{"line":39,"column":16},"end":{"line":39,"column":null}},"12":{"start":{"line":41,"column":16},"end":{"line":41,"column":null}},"13":{"start":{"line":45,"column":11},"end":{"line":59,"column":null}},"14":{"start":{"line":46,"column":8},"end":{"line":58,"column":null}},"15":{"start":{"line":48,"column":54},"end":{"line":54,"column":null}},"16":{"start":{"line":55,"column":16},"end":{"line":55,"column":null}},"17":{"start":{"line":57,"column":16},"end":{"line":57,"column":null}},"18":{"start":{"line":4,"column":0},"end":{"line":4,"column":13}},"19":{"start":{"line":5,"column":18},"end":{"line":5,"column":null}}},"fnMap":{"0":{"name":"(anonymous_0)","decl":{"start":{"line":4,"column":0},"end":{"line":4,"column":13}},"loc":{"start":{"line":4,"column":0},"end":{"line":60,"column":1}}},"1":{"name":"(anonymous_1)","decl":{"start":{"line":7,"column":31},"end":{"line":7,"column":36}},"loc":{"start":{"line":7,"column":82},"end":{"line":7,"column":85}}},"2":{"name":"(anonymous_2)","decl":{"start":{"line":9,"column":26},"end":{"line":9,"column":31}},"loc":{"start":{"line":9,"column":82},"end":{"line":9,"column":85}}},"3":{"name":"(anonymous_3)","decl":{"start":{"line":11,"column":35},"end":{"line":11,"column":40}},"loc":{"start":{"line":11,"column":103},"end":{"line":43,"column":5}}},"4":{"name":"(anonymous_4)","decl":{"start":{"line":45,"column":33},"end":{"line":45,"column":38}},"loc":{"start":{"line":45,"column":92},"end":{"line":59,"column":5}}}},"branchMap":{"0":{"loc":{"start":{"line":12,"column":8},"end":{"line":42,"column":null}},"type":"switch","locations":[{"start":{"line":13,"column":12},"end":{"line":21,"column":null}},{"start":{"line":22,"column":12},"end":{"line":30,"column":null}},{"start":{"line":31,"column":12},"end":{"line":39,"column":null}},{"start":{"line":40,"column":12},"end":{"line":41,"column":null}}]},"1":{"loc":{"start":{"line":46,"column":8},"end":{"line":58,"column":null}},"type":"switch","locations":[{"start":{"line":47,"column":12},"end":{"line":55,"column":null}},{"start":{"line":56,"column":12},"end":{"line":57,"column":null}}]}},"s":{"0":2,"1":2,"2":2,"3":2,"4":2,"5":12,"6":4,"7":4,"8":2,"9":2,"10":3,"11":3,"12":3,"13":2,"14":3,"15":2,"16":2,"17":1,"18":2,"19":2},"f":{"0":2,"1":1,"2":1,"3":12,"4":3},"b":{"0":[4,2,3,3],"1":[2,1]}}
,"C:\\Users\\dessa\\Andressa-GitHub\\Olympic-games\\tests\\mocks\\IdGeneratorMock.ts": {"path":"C:\\Users\\dessa\\Andressa-GitHub\\Olympic-games\\tests\\mocks\\IdGeneratorMock.ts","statementMap":{"0":{"start":{"line":2,"column":11},"end":{"line":4,"column":null}},"1":{"start":{"line":3,"column":8},"end":{"line":3,"column":null}},"2":{"start":{"line":1,"column":0},"end":{"line":1,"column":13}}},"fnMap":{"0":{"name":"(anonymous_0)","decl":{"start":{"line":1,"column":0},"end":{"line":1,"column":13}},"loc":{"start":{"line":1,"column":0},"end":{"line":5,"column":1}}},"1":{"name":"(anonymous_1)","decl":{"start":{"line":2,"column":22},"end":{"line":2,"column":34}},"loc":{"start":{"line":2,"column":36},"end":{"line":4,"column":5}}}},"branchMap":{},"s":{"0":2,"1":3,"2":2},"f":{"0":2,"1":3},"b":{}}
,"C:\\Users\\dessa\\Andressa-GitHub\\Olympic-games\\tests\\mocks\\ResultDatabaseMock.ts": {"path":"C:\\Users\\dessa\\Andressa-GitHub\\Olympic-games\\tests\\mocks\\ResultDatabaseMock.ts","statementMap":{"0":{"start":{"line":1,"column":0},"end":{"line":1,"column":62}},"1":{"start":{"line":2,"column":0},"end":{"line":2,"column":57}},"2":{"start":{"line":9,"column":11},"end":{"line":9,"column":null}},"3":{"start":{"line":11,"column":11},"end":{"line":69,"column":null}},"4":{"start":{"line":12,"column":8},"end":{"line":68,"column":null}},"5":{"start":{"line":13,"column":42},"end":{"line":21,"column":null}},"6":{"start":{"line":22,"column":12},"end":{"line":22,"column":null}},"7":{"start":{"line":23,"column":15},"end":{"line":68,"column":null}},"8":{"start":{"line":24,"column":42},"end":{"line":46,"column":null}},"9":{"start":{"line":47,"column":12},"end":{"line":47,"column":null}},"10":{"start":{"line":48,"column":15},"end":{"line":68,"column":null}},"11":{"start":{"line":49,"column":42},"end":{"line":64,"column":null}},"12":{"start":{"line":65,"column":12},"end":{"line":65,"column":null}},"13":{"start":{"line":67,"column":12},"end":{"line":67,"column":null}},"14":{"start":{"line":71,"column":11},"end":{"line":121,"column":null}},"15":{"start":{"line":72,"column":8},"end":{"line":120,"column":null}},"16":{"start":{"line":73,"column":42},"end":{"line":95,"column":null}},"17":{"start":{"line":96,"column":12},"end":{"line":96,"column":null}},"18":{"start":{"line":98,"column":15},"end":{"line":120,"column":null}},"19":{"start":{"line":99,"column":48},"end":{"line":115,"column":null}},"20":{"start":{"line":116,"column":12},"end":{"line":116,"column":null}},"21":{"start":{"line":119,"column":12},"end":{"line":119,"column":null}},"22":{"start":{"line":5,"column":0},"end":{"line":5,"column":13}},"23":{"start":{"line":6,"column":18},"end":{"line":6,"column":null}},"24":{"start":{"line":7,"column":18},"end":{"line":7,"column":null}}},"fnMap":{"0":{"name":"(anonymous_0)","decl":{"start":{"line":5,"column":0},"end":{"line":5,"column":13}},"loc":{"start":{"line":5,"column":0},"end":{"line":122,"column":1}}},"1":{"name":"(anonymous_1)","decl":{"start":{"line":9,"column":23},"end":{"line":9,"column":28}},"loc":{"start":{"line":9,"column":64},"end":{"line":9,"column":67}}},"2":{"name":"(anonymous_2)","decl":{"start":{"line":11,"column":34},"end":{"line":11,"column":39}},"loc":{"start":{"line":11,"column":124},"end":{"line":69,"column":5}}},"3":{"name":"(anonymous_3)","decl":{"start":{"line":71,"column":24},"end":{"line":71,"column":29}},"loc":{"start":{"line":71,"column":129},"end":{"line":121,"column":5}}}},"branchMap":{"0":{"loc":{"start":{"line":12,"column":8},"end":{"line":68,"column":null}},"type":"if","locations":[{"start":{"line":12,"column":8},"end":{"line":68,"column":null}},{"start":{"line":23,"column":15},"end":{"line":68,"column":null}}]},"1":{"loc":{"start":{"line":12,"column":11},"end":{"line":12,"column":118}},"type":"binary-expr","locations":[{"start":{"line":12,"column":11},"end":{"line":12,"column":39}},{"start":{"line":12,"column":43},"end":{"line":12,"column":84}},{"start":{"line":12,"column":88},"end":{"line":12,"column":118}}]},"2":{"loc":{"start":{"line":23,"column":15},"end":{"line":68,"column":null}},"type":"if","locations":[{"start":{"line":23,"column":15},"end":{"line":68,"column":null}},{"start":{"line":48,"column":15},"end":{"line":68,"column":null}}]},"3":{"loc":{"start":{"line":23,"column":18},"end":{"line":23,"column":127}},"type":"binary-expr","locations":[{"start":{"line":23,"column":18},"end":{"line":23,"column":46}},{"start":{"line":23,"column":50},"end":{"line":23,"column":95}},{"start":{"line":23,"column":99},"end":{"line":23,"column":127}}]},"4":{"loc":{"start":{"line":48,"column":15},"end":{"line":68,"column":null}},"type":"if","locations":[{"start":{"line":48,"column":15},"end":{"line":68,"column":null}},{"start":{"line":66,"column":15},"end":{"line":68,"column":null}}]},"5":{"loc":{"start":{"line":48,"column":18},"end":{"line":48,"column":127}},"type":"binary-expr","locations":[{"start":{"line":48,"column":18},"end":{"line":48,"column":46}},{"start":{"line":48,"column":50},"end":{"line":48,"column":95}},{"start":{"line":48,"column":99},"end":{"line":48,"column":127}}]},"6":{"loc":{"start":{"line":72,"column":8},"end":{"line":120,"column":null}},"type":"if","locations":[{"start":{"line":72,"column":8},"end":{"line":120,"column":null}},{"start":{"line":98,"column":15},"end":{"line":120,"column":null}}]},"7":{"loc":{"start":{"line":72,"column":11},"end":{"line":72,"column":85}},"type":"binary-expr","locations":[{"start":{"line":72,"column":11},"end":{"line":72,"column":51}},{"start":{"line":72,"column":55},"end":{"line":72,"column":85}}]},"8":{"loc":{"start":{"line":98,"column":15},"end":{"line":120,"column":null}},"type":"if","locations":[{"start":{"line":98,"column":15},"end":{"line":120,"column":null}},{"start":{"line":118,"column":15},"end":{"line":120,"column":null}}]},"9":{"loc":{"start":{"line":98,"column":19},"end":{"line":98,"column":96}},"type":"binary-expr","locations":[{"start":{"line":98,"column":19},"end":{"line":98,"column":64}},{"start":{"line":98,"column":68},"end":{"line":98,"column":96}}]}},"s":{"0":1,"1":1,"2":1,"3":1,"4":4,"5":1,"6":1,"7":3,"8":1,"9":1,"10":2,"11":1,"12":1,"13":1,"14":1,"15":3,"16":1,"17":1,"18":2,"19":1,"20":1,"21":1,"22":1,"23":1,"24":1},"f":{"0":1,"1":2,"2":4,"3":3},"b":{"0":[1,3],"1":[4,1,1],"2":[1,2],"3":[3,1,1],"4":[1,1],"5":[2,1,1],"6":[1,2],"7":[3,1],"8":[1,1],"9":[2,1]}}
}
