TN:
SF:src\business\CompetitionBusiness.ts
FN:7,(anonymous_0)
FN:12,(anonymous_1)
FN:43,(anonymous_2)
FNF:3
FNH:3
FNDA:1,(anonymous_0)
FNDA:3,(anonymous_1)
FNDA:3,(anonymous_2)
DA:2,1
DA:3,1
DA:8,1
DA:9,1
DA:12,1
DA:13,3
DA:15,3
DA:16,1
DA:19,2
DA:21,2
DA:22,1
DA:25,1
DA:27,1
DA:34,1
DA:36,1
DA:40,1
DA:43,1
DA:44,3
DA:46,3
DA:48,3
DA:49,1
DA:52,2
DA:53,1
DA:56,1
DA:58,1
DA:62,1
DA:66,1
LF:27
LH:27
BRDA:15,0,0,1
BRDA:15,1,0,3
BRDA:15,1,1,2
BRDA:15,1,2,2
BRDA:21,2,0,1
BRDA:21,3,0,2
BRDA:21,3,1,1
BRDA:48,4,0,1
BRDA:52,5,0,1
BRF:9
BRH:9
end_of_record
TN:
SF:src\business\ResultBusiness.ts
FN:10,(anonymous_0)
FN:16,(anonymous_1)
FN:60,(anonymous_2)
FN:76,(anonymous_3)
FN:104,(anonymous_4)
FNF:5
FNH:5
FNDA:1,(anonymous_0)
FNDA:7,(anonymous_1)
FNDA:4,(anonymous_2)
FNDA:3,(anonymous_3)
FNDA:3,(anonymous_4)
DA:4,1
DA:5,1
DA:6,1
DA:11,1
DA:12,1
DA:13,1
DA:16,1
DA:17,7
DA:19,7
DA:20,1
DA:23,6
DA:25,6
DA:26,1
DA:29,5
DA:30,1
DA:33,4
DA:35,4
DA:36,1
DA:37,3
DA:38,1
DA:41,2
DA:43,2
DA:51,2
DA:53,2
DA:57,2
DA:60,1
DA:61,4
DA:63,4
DA:65,4
DA:66,1
DA:69,3
DA:71,3
DA:72,1
DA:75,2
DA:76,1
DA:77,3
DA:84,3
DA:89,3
DA:92,1
DA:93,3
DA:96,1
DA:100,1
DA:103,1
DA:104,1
DA:106,3
DA:111,3
DA:114,1
DA:115,3
DA:118,1
DA:122,1
DA:129,1
LF:51
LH:51
BRDA:19,0,0,1
BRDA:19,1,0,7
BRDA:19,1,1,7
BRDA:19,1,2,6
BRDA:25,2,0,1
BRDA:29,3,0,1
BRDA:35,4,0,1
BRDA:35,4,1,3
BRDA:35,5,0,4
BRDA:35,5,1,2
BRDA:37,6,0,1
BRDA:37,7,0,3
BRDA:37,7,1,2
BRDA:65,8,0,1
BRDA:71,9,0,1
BRDA:71,10,0,3
BRDA:71,10,1,2
BRDA:75,11,0,1
BRDA:75,11,1,1
BRDA:103,12,0,1
BRF:20
BRH:20
end_of_record
TN:
SF:src\database\BaseDatabase.ts
FNF:0
FNH:0
DA:1,2
DA:2,2
DA:4,2
DA:6,2
DA:7,2
LF:5
LH:5
BRF:0
BRH:0
end_of_record
TN:
SF:src\entities\Competition.ts
FN:1,(anonymous_0)
FN:6,(anonymous_1)
FN:20,(anonymous_2)
FN:28,(anonymous_3)
FN:32,(anonymous_4)
FN:36,(anonymous_5)
FN:40,(anonymous_6)
FN:44,(anonymous_7)
FN:48,(anonymous_8)
FNF:9
FNH:3
FNDA:2,(anonymous_0)
FNDA:2,(anonymous_1)
FNDA:1,(anonymous_2)
FNDA:0,(anonymous_3)
FNDA:0,(anonymous_4)
FNDA:0,(anonymous_5)
FNDA:0,(anonymous_6)
FNDA:0,(anonymous_7)
FNDA:0,(anonymous_8)
DA:1,2
DA:2,2
DA:3,2
DA:6,2
DA:7,2
DA:8,2
DA:19,2
DA:21,1
DA:22,1
DA:23,1
DA:24,1
DA:25,1
DA:28,1
DA:29,0
DA:32,1
DA:33,0
DA:36,1
DA:37,0
DA:40,1
DA:41,0
DA:44,1
DA:45,0
DA:48,1
DA:49,0
LF:24
LH:18
BRDA:1,0,0,2
BRDA:1,0,1,2
BRDA:6,1,0,2
BRDA:6,1,1,2
BRDA:25,2,0,1
BRF:5
BRH:5
end_of_record
TN:
SF:src\entities\Result.ts
FN:25,(anonymous_0)
FN:33,(anonymous_1)
FN:37,(anonymous_2)
FN:41,(anonymous_3)
FN:45,(anonymous_4)
FN:49,(anonymous_5)
FNF:6
FNH:3
FNDA:5,(anonymous_0)
FNDA:0,(anonymous_1)
FNDA:0,(anonymous_2)
FNDA:0,(anonymous_3)
FNDA:3,(anonymous_4)
FNDA:3,(anonymous_5)
DA:24,1
DA:26,5
DA:27,5
DA:28,5
DA:29,5
DA:30,5
DA:33,5
DA:34,0
DA:37,5
DA:38,0
DA:41,5
DA:42,0
DA:45,5
DA:46,3
DA:49,5
DA:50,3
LF:16
LH:13
BRF:0
BRH:0
end_of_record
TN:
SF:src\errors\BaseError.ts
FN:2,(anonymous_0)
FN:11,(anonymous_1)
FN:17,(anonymous_2)
FN:23,(anonymous_3)
FN:28,(anonymous_4)
FN:34,(anonymous_5)
FN:40,(anonymous_6)
FN:46,(anonymous_7)
FN:52,(anonymous_8)
FNF:9
FNH:9
FNDA:11,(anonymous_0)
FNDA:2,(anonymous_1)
FNDA:3,(anonymous_2)
FNDA:1,(anonymous_3)
FNDA:1,(anonymous_4)
FNDA:1,(anonymous_5)
FNDA:1,(anonymous_6)
FNDA:1,(anonymous_7)
FNDA:1,(anonymous_8)
DA:1,2
DA:4,11
DA:6,11
DA:10,2
DA:12,2
DA:16,2
DA:18,3
DA:22,2
DA:24,1
DA:27,2
DA:29,1
DA:33,2
DA:35,1
DA:39,2
DA:41,1
DA:45,2
DA:47,1
DA:51,2
DA:53,1
LF:19
LH:19
BRF:0
BRH:0
end_of_record
TN:
SF:tests\mocks\CompetitionDatabaseMock.ts
FN:4,(anonymous_0)
FN:7,(anonymous_1)
FN:9,(anonymous_2)
FN:11,(anonymous_3)
FN:45,(anonymous_4)
FNF:5
FNH:5
FNDA:2,(anonymous_0)
FNDA:1,(anonymous_1)
FNDA:1,(anonymous_2)
FNDA:12,(anonymous_3)
FNDA:3,(anonymous_4)
DA:1,2
DA:2,2
DA:4,2
DA:5,2
DA:7,2
DA:9,2
DA:11,2
DA:12,12
DA:14,4
DA:21,4
DA:23,2
DA:30,2
DA:32,3
DA:39,3
DA:41,3
DA:45,2
DA:46,3
DA:48,2
DA:55,2
DA:57,1
LF:20
LH:20
BRDA:12,0,0,4
BRDA:12,0,1,2
BRDA:12,0,2,3
BRDA:12,0,3,3
BRDA:46,1,0,2
BRDA:46,1,1,1
BRF:6
BRH:6
end_of_record
TN:
SF:tests\mocks\IdGeneratorMock.ts
FN:1,(anonymous_0)
FN:2,(anonymous_1)
FNF:2
FNH:2
FNDA:2,(anonymous_0)
FNDA:3,(anonymous_1)
DA:1,2
DA:2,2
DA:3,3
LF:3
LH:3
BRF:0
BRH:0
end_of_record
TN:
SF:tests\mocks\ResultDatabaseMock.ts
FN:5,(anonymous_0)
FN:9,(anonymous_1)
FN:11,(anonymous_2)
FN:71,(anonymous_3)
FNF:4
FNH:4
FNDA:1,(anonymous_0)
FNDA:2,(anonymous_1)
FNDA:4,(anonymous_2)
FNDA:3,(anonymous_3)
DA:1,1
DA:2,1
DA:5,1
DA:6,1
DA:7,1
DA:9,1
DA:11,1
DA:12,4
DA:13,1
DA:22,1
DA:23,3
DA:24,1
DA:47,1
DA:48,2
DA:49,1
DA:65,1
DA:67,1
DA:71,1
DA:72,3
DA:73,1
DA:96,1
DA:98,2
DA:99,1
DA:116,1
DA:119,1
LF:25
LH:25
BRDA:12,0,0,1
BRDA:12,0,1,3
BRDA:12,1,0,4
BRDA:12,1,1,1
BRDA:12,1,2,1
BRDA:23,2,0,1
BRDA:23,2,1,2
BRDA:23,3,0,3
BRDA:23,3,1,1
BRDA:23,3,2,1
BRDA:48,4,0,1
BRDA:48,4,1,1
BRDA:48,5,0,2
BRDA:48,5,1,1
BRDA:48,5,2,1
BRDA:72,6,0,1
BRDA:72,6,1,2
BRDA:72,7,0,3
BRDA:72,7,1,1
BRDA:98,8,0,1
BRDA:98,8,1,1
BRDA:98,9,0,2
BRDA:98,9,1,1
BRF:23
BRH:23
end_of_record
